<?xml version="1.0" encoding="UTF-8"?>
<testng-results ignored="0" total="2" passed="2" failed="0" skipped="0">
  <reporter-output>
  </reporter-output>
  <suite started-at="2021-10-05T18:15:47 EDT" name="Default suite" finished-at="2021-10-05T18:15:56 EDT" duration-ms="9097">
    <groups>
    </groups>
    <test started-at="2021-10-05T18:15:47 EDT" name="Default test" finished-at="2021-10-05T18:15:56 EDT" duration-ms="9097">
      <class name="com.neotech.lesson02.Homework">
        <test-method is-config="true" signature="openAndNavigate()[pri:0, instance:com.neotech.lesson02.Homework@696da30b]" started-at="2021-10-05T18:15:47 EDT" name="openAndNavigate" finished-at="2021-10-05T18:15:50 EDT" duration-ms="2905" status="PASS">
          <reporter-output>
          </reporter-output>
        </test-method> <!-- openAndNavigate -->
        <test-method signature="loginValidation()[pri:0, instance:com.neotech.lesson02.Homework@696da30b]" started-at="2021-10-05T18:15:50 EDT" name="loginValidation" finished-at="2021-10-05T18:15:52 EDT" duration-ms="2110" status="PASS">
          <reporter-output>
          </reporter-output>
        </test-method> <!-- loginValidation -->
        <test-method is-config="true" signature="quitBrowser()[pri:0, instance:com.neotech.lesson02.Homework@696da30b]" started-at="2021-10-05T18:15:52 EDT" name="quitBrowser" finished-at="2021-10-05T18:15:53 EDT" duration-ms="682" status="PASS">
          <reporter-output>
          </reporter-output>
        </test-method> <!-- quitBrowser -->
        <test-method is-config="true" signature="openAndNavigate()[pri:0, instance:com.neotech.lesson02.Homework@696da30b]" started-at="2021-10-05T18:15:53 EDT" name="openAndNavigate" finished-at="2021-10-05T18:15:55 EDT" duration-ms="2228" status="PASS">
          <reporter-output>
          </reporter-output>
        </test-method> <!-- openAndNavigate -->
        <test-method signature="negativeLoginTest()[pri:0, instance:com.neotech.lesson02.Homework@696da30b]" started-at="2021-10-05T18:15:55 EDT" name="negativeLoginTest" finished-at="2021-10-05T18:15:55 EDT" duration-ms="465" status="PASS">
          <reporter-output>
          </reporter-output>
        </test-method> <!-- negativeLoginTest -->
        <test-method is-config="true" signature="quitBrowser()[pri:0, instance:com.neotech.lesson02.Homework@696da30b]" started-at="2021-10-05T18:15:55 EDT" name="quitBrowser" finished-at="2021-10-05T18:15:56 EDT" duration-ms="669" status="PASS">
          <reporter-output>
          </reporter-output>
        </test-method> <!-- quitBrowser -->
      </class> <!-- com.neotech.lesson02.Homework -->
    </test> <!-- Default test -->
  </suite> <!-- Default suite -->
</testng-results>
